Read: 231, CSV: 342, Undocumented: 204, Unused: 315


Undocumented Firehose Metrics:
rep=CapacityTotalContainers
analyzer=NumberOfAppsWithMissingInstances
DopplerServer=sentMessagesFirehose.datadog-nozzle
converger=LockHeldDuration.v1-locks-converge_lock
gorouter=responses
cc=log_count.all
etcd=SetsFail
etcd=CompareAndSwapSuccess
bbs=ETCDReceivedBandwidthRate
cc=job_queue_length.cc-api_z2-0
MetronAgent=udp.sentByteCount
DopplerServer=udpListener.receivedByteCount
gorouter=registry_message.HM9K
cc=vitals.mem_free_bytes
syslog_drain_binder=totalDrains
etcd=SendingRequestRate
LoggregatorTrafficController=dopplerProxy.containermetricsLatency
nsync_bulker=LockHeldDuration.v1-locks-nsync_bulker_lock
auctioneer=AuctioneerLRPAuctionsFailed
bbs=ConvergenceTaskRuns
bbs=ConvergenceLRPPreProcessingMalformedSchedulingInfos
bbs=LRPsClaimed
bbs=LockHeld.v1-locks-bbs_lock
DopplerServer=messageRouter.numberOfWebsocketSinks
auctioneer=LockHeldDuration.v1-locks-auctioneer_lock
auctioneer=AuctioneerFetchStatesDuration
route_emitter=LockHeldDuration.v1-locks-route_emitter_lock
gorouter=requests.route-emitter
listener=ActualStateListenerStoreUsagePercentage
bbs=ETCDReceivedRequestRate
etcd=UpdateSuccess
etcd=DeleteFail
bbs=LRPsExtra
DopplerServer=sentMessagesFirehose.firehose-a
bbs=LockHeldDuration.v1-locks-bbs_lock
analyzer=NumberOfMissingIndices
DopplerServer=messageRouter.numberOfSyslogSinks
cc=vitals.mem_bytes
LoggregatorTrafficController=Uptime
stager=StagingRequestsSucceeded
cc=vitals.cpu
cc=log_count.error
bbs=ETCDRaftTerm
cc=total_users
cc=log_count.off
etcd=CreateSuccess
etcd=SetsSuccess
cc=log_count.warn
etcd=CreateFail
cc=job_queue_length.cc-api_z1-1
gorouter=ms_since_last_registry_update
gorouter=registry_message.
LoggregatorTrafficController=LinuxFileDescriptor
auctioneer=LockHeld.v1-locks-auctioneer_lock
bbs=ConvergenceTasksPruned
bbs=LRPsUnclaimed
gorouter=total_requests
cc=log_count.debug2
auctioneer=AuctioneerTaskAuctionsStarted
route_emitter=RoutesSynced
cc=tasks_running.count
DopplerServer=messageRouter.numberOfFirehoseSinks
gorouter=requests.CloudController
cc=log_count.info
etcd=SendingBandwidthRate
etcd=GetsFail
bbs=ETCDSentRequestRate
rep=UnhealthyCell
analyzer=NumberOfUndesiredRunningApps
rep=RepBulkSyncDuration
route_emitter=RoutesTotal
bbs=ETCDWatchers
cc=http_status.2XX
auctioneer=AuctioneerTaskAuctionsFailed
rep=CapacityRemainingMemory
bbs=Domain.cf-tasks
gorouter=responses.2xx
cc=job_queue_length.total
rep=CapacityTotalMemory
shredder=LockHeld.hm9000.shredder
tps_watcher=LockHeldDuration.v1-locks-tps_watcher_lock
gorouter=total_routes
gorouter=registry_message.CloudController
cc=job_queue_length.cc-generic
bbs=ETCDSentBandwidthRate
nsync_bulker=LockHeld.v1-locks-nsync_bulker_lock
cc=vitals.mem_used_bytes
nsync_bulker=NsyncInvalidDesiredLRPsFound
bbs=TasksCompleted
stager=StagingRequestSucceededDuration
bbs=ConvergenceLRPRuns
cc=http_status.3XX
evacuator=LockHeldDuration.hm9000.evacuator
cc=log_count.debug
etcd=ReceivingBandwidthRate
bbs=MetricsReportingDuration
etcd=Latency
etcd=IsLeader
etcd=ReceivedAppendRequests
cc=job_queue_length.cc-api_z1-0
cc=requests.completed
cc=failed_job_count.cc-api_z1-1
bbs=ConvergenceTasksKicked
nsync_bulker=DesiredLRPSyncDuration
converger=LockHeld.v1-locks-converge_lock
DopplerServer=messageRouter.numberOfDumpSinks
listener=LockHeld.hm9000.listener
analyzer=DesiredStateSyncTimeInMilliseconds
bbs=ETCDLeader
bbs=ConvergenceLRPDuration
route_emitter=RoutesUnregistered
analyzer=NumberOfAppsWithAllInstancesReporting
route_emitter=LockHeld.v1-locks-route_emitter_lock
cc=failed_job_count.total
rep=CapacityTotalDisk
etcd=Followers
DopplerServer=udpListener.receivedMessageCount
cc=log_count.debug1
uaa=audit_service.user_not_found_count
MetronAgent=DopplerForwarder.sentMessages
DopplerServer=listeners.totalReceivedMessageCount
bbs=TasksResolving
bbs=ConvergenceTaskDuration
gorouter=latency.uaa
auctioneer=AuctioneerLRPAuctionsStarted
uaa=audit_service.user_authentication_count
DopplerServer=httpServer.receivedMessages
uaa=audit_service.user_authentication_failure_count
gorouter=requests.uaa
nsync_listener=LRPsDesired
etcd=ReceivingRequestRate
tps_watcher=LockHeld.v1-locks-tps_watcher_lock
uaa=audit_service.principal_not_found_count
bbs=RequestLatency
bbs=ConvergenceLRPPreProcessingActualLRPsDeleted
analyzer=NumberOfCrashedIndices
rep=logSenderTotalMessagesRead
garden-linux=DepotDirs
rep=CapacityRemainingDisk
gorouter=latency.route-emitter
cc=vitals.num_cores
syslog_drain_binder=pollCount
rep=CapacityRemainingContainers
etcd=DeleteSuccess
analyzer=NumberOfRunningInstances
uaa=audit_service.user_password_changes
cc=log_count.fatal
stager=StagingStartRequestsReceived
cc=failed_job_count.cc-api_z2-1
analyzer=LockHeld.hm9000.analyzer
evacuator=LockHeld.hm9000.evacuator
MetronAgent=udp.sentMessageCount
DopplerServer=signatureVerifier.validSignatures
cc=failed_job_count.cc-generic
etcd=GetsSuccess
etcd=CompareAndSwapFail
analyzer=NumberOfDesiredApps
etcd=UpdateFail
cc=job_queue_length.cc-api_z2-1
rep=
ssh-proxy=numCPUS
cc=tasks_running.memory_in_mb
etcd=ExpireCount
garden-linux=MetricsReporting
bbs=LRPsRunning
bbs=LRPsMissing
analyzer=NumberOfDesiredAppsPendingStaging
route_emitter=MessagesEmitted
bbs=Domain.cf-apps
analyzer=NumberOfCrashedInstances
cc=requests.outstanding
gorouter=latency
LoggregatorTrafficController=dopplerProxy.recentlogsLatency
cc=vitals.cpu_load_avg
route_emitter=RouteEmitterSyncDuration
bbs=RequestCount
etcd=CompareAndDeleteFail
bbs=TasksPending
shredder=LockHeldDuration.hm9000.shredder
gorouter=latency.CloudController
DopplerServer=messageRouter.numberOfContainerMetricSinks
cc=vitals.uptime
etcd=Watchers
analyzer=LockHeldDuration.hm9000.analyzer
uaa=audit_service.user_password_failures
garden-linux=BackingStores
etcd=RaftTerm
etcd=RaftIndex
etcd=CompareAndDeleteSuccess
bbs=TasksRunning
rep=GardenContainerCreationDuration
rep=ContainerCount
listener=LockHeldDuration.hm9000.listener
analyzer=NumberOfDesiredInstances
gorouter=registry_message.uaa
etcd=SentAppendRequests
bbs=CrashedActualLRPs
bbs=CrashingDesiredLRPs
uaa=audit_service.principal_authentication_failure_count
route_emitter=RoutesRegistered
gorouter=registry_message.route-emitter
garden-linux=LoopDevices
etcd=EtcdIndex
bbs=ConvergenceLRPPreProcessingMalformedRunInfos


Unused Documented Metrics:
vcap_sinatra.requests.outstanding
vcap_sinatra.requests.completed
vcap_sinatra.http_status.[status_code]
vcap_sinatra.recent_errors
log_counts.[severity]
cc_user_count
cc_job_queue_length.[queue_type]
cc_job_queue_length.total
thread_info.[rest
cc_failed_job_count.[queue_type]
cc_failed_job_count.total
uptime_in_seconds
uptime
mem_bytes
mem_used_bytes
mem_free_bytes
cpu_load_avg
cpu
num_cores
dea_logging_agent.memoryStats.lastGCPauseTimeNS
dea_logging_agent.memoryStats.numBytesAllocated
dea_logging_agent.memoryStats.numBytesAllocatedHeap
dea_logging_agent.memoryStats.numBytesAllocatedStack
dea_logging_agent.memoryStats.numFrees
dea_logging_agent.memoryStats.numMallocs
dea_logging_agent.numCPUS
dea_logging_agent.numGoRoutines
dea_logging_agent.totalApps
auctioneer.AuctioneerFetchStatesDuration
auctioneer.AuctioneerLRPAuctionsFailed
auctioneer.AuctioneerLRPAuctionsStarted
auctioneer.AuctioneerTaskAuctionsFailed
auctioneer.AuctioneerTaskAuctionsStarted
auctioneer.memoryStats.lastGCPauseTimeNS
auctioneer.memoryStats.numBytesAllocated
auctioneer.memoryStats.numBytesAllocatedHeap
auctioneer.memoryStats.numBytesAllocatedStack
auctioneer.memoryStats.numFrees
auctioneer.memoryStats.numMallocs
auctioneer.numCPUS
auctioneer.numGoRoutines
bbs.ConvergenceLRPRuns
bbs.ConvergenceLRPDuration
bbs.ConvergenceLRPPreProcessingDesiredLRPsDeleted
bbs.ConvergenceLRPPreProcessingActualLRPsDeleted
bbs.ConvergenceLRPsDeleted
bbs.LRPsDesired
bbs.LRPsStarting
bbs.LRPsRunning
bbs.CrashedActualLRPs
bbs.CrashingDesiredLRPs
bbs.ETCDLeader
bbs.ETCDFollowers
bbs.ETCDReceivedBandwidthRate
bbs.ETCDSentBandwidthRate
bbs.ETCDReceivedRequestRate
bbs.ETCDSentRequestRate
bbs.ETCDRaftTerm
bbs.ETCDWatchers
bbs.ConvergenceTaskRuns
bbs.ConvergenceTaskDuration
bbs.ConvergenceTasksKicked
bbs.ConvergenceTasksPruned
bbs.TasksPending
bbs.TasksRunning
bbs.TasksCompleted
bbs.TasksResolving
bbs.RequestLatency
bbs.RequestCount
bbs.MetricsReportingDuration
bbs.BBSMasterElected
bbs.MigrationDuration
bbs.memoryStats.lastGCPauseTimeNS
bbs.memoryStats.numBytesAllocated
bbs.memoryStats.numBytesAllocatedHeap
bbs.memoryStats.numBytesAllocatedStack
bbs.memoryStats.numFrees
bbs.memoryStats.numMallocs
bbs.numCPUS
bbs.numGoRoutines
cc_uploader.memoryStats.lastGCPauseTimeNS
cc_uploader.memoryStats.numBytesAllocated
cc_uploader.memoryStats.numBytesAllocatedHeap
cc_uploader.memoryStats.numBytesAllocatedStack
cc_uploader.memoryStats.numFrees
cc_uploader.memoryStats.numMallocs
cc_uploader.numCPUS
cc_uploader.numGoRoutines
converger.ConvergenceLRPDuration
converger.ConvergenceLRPPreProcessingActualLRPsDeleted
converger.ConvergenceLRPPreProcessingDesiredLRPsDeleted
converger.ConvergenceLRPRuns
converger.ConvergenceTaskDuration
converger.ConvergenceTaskRuns
converger.ConvergenceTasksKicked
converger.ConvergenceTasksPruned
converger.memoryStats.lastGCPauseTimeNS
converger.memoryStats.numBytesAllocated
converger.memoryStats.numBytesAllocatedHeap
converger.memoryStats.numBytesAllocatedStack
converger.memoryStats.numFrees
converger.memoryStats.numMallocs
converger.numCPUS
converger.numGoRoutines
file_server.memoryStats.lastGCPauseTimeNS
file_server.memoryStats.numBytesAllocated
file_server.memoryStats.numBytesAllocatedHeap
file_server.memoryStats.numBytesAllocatedStack
file_server.memoryStats.numFrees
file_server.memoryStats.numMallocs
file_server.numCPUS
file_server.numGoRoutines
garden_linux.memoryStats.lastGCPauseTimeNS
garden_linux.memoryStats.numBytesAllocated
garden_linux.memoryStats.numBytesAllocatedHeap
garden_linux.memoryStats.numBytesAllocatedStack
garden_linux.memoryStats.numFrees
garden_linux.memoryStats.numMallocs
garden_linux.numCPUS
garden_linux.numGoRoutines
nsync_bulker.DesiredLRPSyncDuration
nsync_bulker.memoryStats.lastGCPauseTimeNS
nsync_bulker.memoryStats.numBytesAllocated
nsync_bulker.memoryStats.numBytesAllocatedHeap
nsync_bulker.memoryStats.numBytesAllocatedStack
nsync_bulker.memoryStats.numFrees
nsync_bulker.memoryStats.numMallocs
nsync_bulker.numCPUS
nsync_bulker.numGoRoutines
nsync_listener.LRPsDesired
nsync_listener.memoryStats.lastGCPauseTimeNS
nsync_listener.memoryStats.numBytesAllocated
nsync_listener.memoryStats.numBytesAllocatedHeap
nsync_listener.memoryStats.numBytesAllocatedStack
nsync_listener.memoryStats.numFrees
nsync_listener.memoryStats.numMallocs
nsync_listener.numCPUS
nsync_listener.numGoRoutines
receptor.memoryStats.lastGCPauseTimeNS
receptor.memoryStats.numBytesAllocated
receptor.memoryStats.numBytesAllocatedHeap
receptor.memoryStats.numBytesAllocatedStack
receptor.memoryStats.numFrees
receptor.memoryStats.numMallocs
receptor.numCPUS
receptor.numGoRoutines
rep.CapacityRemainingContainers
rep.CapacityRemainingDisk
rep.CapacityRemainingMemory
rep.CapacityTotalContainers
rep.CapacityTotalDisk
rep.CapacityTotalMemory
rep.ContainerCount
rep.memoryStats.lastGCPauseTimeNS
rep.memoryStats.numBytesAllocated
rep.memoryStats.numBytesAllocatedHeap
rep.memoryStats.numBytesAllocatedStack
rep.memoryStats.numFrees
rep.memoryStats.numMallocs
rep.numCPUS
rep.numGoRoutines
rep.RepBulkSyncDuration
route_emitter.memoryStats.lastGCPauseTimeNS
route_emitter.memoryStats.numBytesAllocated
route_emitter.memoryStats.numBytesAllocatedHeap
route_emitter.memoryStats.numBytesAllocatedStack
route_emitter.memoryStats.numFrees
route_emitter.memoryStats.numMallocs
route_emitter.numCPUS
route_emitter.numGoRoutines
route_emitter.RouteEmitterSyncDuration
route_emitter.RoutesRegistered
route_emitter.RoutesSynced
route_emitter.RoutesTotal
route_emitter.RoutesUnregistered
ssh_proxy.memoryStats.lastGCPauseTimeNS
ssh_proxy.memoryStats.numBytesAllocated
ssh_proxy.memoryStats.numBytesAllocatedHeap
ssh_proxy.memoryStats.numBytesAllocatedStack
ssh_proxy.memoryStats.numFrees
ssh_proxy.memoryStats.numMallocs
ssh_proxy.numCPUS
ssh_proxy.numGoRoutines
stager.memoryStats.lastGCPauseTimeNS
stager.memoryStats.numBytesAllocated
stager.memoryStats.numBytesAllocatedHeap
stager.memoryStats.numBytesAllocatedStack
stager.memoryStats.numFrees
stager.memoryStats.numMallocs
stager.numCPUS
stager.numGoRoutines
stager.StagingRequestFailedDuration
stager.StagingRequestsFailed
stager.StagingRequestsSucceeded
stager.StagingRequestSucceededDuration
stager.StagingStartRequestsReceived
tps_listener.memoryStats.lastGCPauseTimeNS
tps_listener.memoryStats.numBytesAllocated
tps_listener.memoryStats.numBytesAllocatedHeap
tps_listener.memoryStats.numBytesAllocatedStack
tps_listener.memoryStats.numFrees
tps_listener.memoryStats.numMallocs
tps_listener.numCPUS
tps_listener.numGoRoutines
tps_watcher.memoryStats.lastGCPauseTimeNS
tps_watcher.memoryStats.numBytesAllocated
tps_watcher.memoryStats.numBytesAllocatedHeap
tps_watcher.memoryStats.numBytesAllocatedStack
tps_watcher.memoryStats.numFrees
tps_watcher.memoryStats.numMallocs
tps_watcher.numCPUS
tps_watcher.numGoRoutines
DopplerServer.dropsondeListener.currentBufferCount
DopplerServer.dropsondeListener.receivedByteCount
DopplerServer.dropsondeListener.receivedMessageCount
DopplerServer.dropsondeUnmarshaller.containerMetricReceived
DopplerServer.dropsondeUnmarshaller.counterEventReceived
DopplerServer.dropsondeUnmarshaller.errorReceived
DopplerServer.dropsondeUnmarshaller.heartbeatReceived
DopplerServer.dropsondeUnmarshaller.httpStartReceived
DopplerServer.dropsondeUnmarshaller.httpStartStopReceived
DopplerServer.dropsondeUnmarshaller.httpStopReceived
DopplerServer.dropsondeUnmarshaller.logMessageTotal
DopplerServer.dropsondeUnmarshaller.unmarshalErrors
DopplerServer.dropsondeUnmarshaller.valueMetricReceived
DopplerServer.httpServer.receivedMessages
DopplerServer.memoryStats.lastGCPauseTimeNS
DopplerServer.memoryStats.numBytesAllocated
DopplerServer.memoryStats.numBytesAllocatedHeap
DopplerServer.memoryStats.numBytesAllocatedStack
DopplerServer.memoryStats.numFrees
DopplerServer.memoryStats.numMallocs
DopplerServer.messageRouter.numberOfDumpSinks
DopplerServer.messageRouter.numberOfFirehoseSinks
DopplerServer.messageRouter.numberOfSyslogSinks
DopplerServer.messageRouter.numberOfWebsocketSinks
DopplerServer.messageRouter.totalDroppedMessages
DopplerServer.numCpus
DopplerServer.numGoRoutines
DopplerServer.signatureVerifier.invalidSignatureErrors
DopplerServer.signatureVerifier.missingSignatureErrors
DopplerServer.signatureVerifier.validSignatures
etcd.leader.Followers
etcd.leader.Latency
etcd.server.IsLeader
etcd.server.ReceivedAppendRequests
etcd.server.ReceivingBandwidthRate
etcd.server.ReceivingRequestRate
etcd.server.SendingBandwidthRate
etcd.server.SendingRequestRate
etcd.server.SentAppendRequests
etcd.store.RaftIndex
etcd.store.RaftTerm
etcd.store.EtcdIndex
etcd.store.CompareAndDeleteFail
etcd.store.CompareAndDeleteSuccess
etcd.store.CompareAndSwapFail
etcd.store.CompareAndSwapSuccess
etcd.store.CreateFail
etcd.store.CreateSuccess
etcd.store.DeleteFail
etcd.store.DeleteSuccess
etcd.store.ExpireCount
etcd.store.GetsFail
etcd.store.GetsSuccess
etcd.store.SetsFail
etcd.store.SetsSuccess
etcd.store.UpdateFail
etcd.store.UpdateSuccess
etcd.store.Watchers
HM9000.numCpus
HM9000.numGoRoutines
HM9000.HM9000.StartCrashed
HM9000.HM9000.StartEvacuating
HM9000.HM9000.StartMissing
HM9000.HM9000.StopDuplicate
HM9000.HM9000.StopEvacuationComplete
MessageAggregator.httpUnmatchedStartReceived
MessageAggregator.httpUnmatchedStopReceived
dropsondeAgentListener.currentBufferCount
dropsondeMarshaller.containerMetricMarshalled
dropsondeMarshaller.counterEventMarshalled
dropsondeMarshaller.errorMarshalled
dropsondeMarshaller.heartbeatMarshalled
dropsondeMarshaller.httpStartMarshalled
dropsondeMarshaller.httpStartStopMarshalled
dropsondeMarshaller.httpStopMarshalled
dropsondeMarshaller.logMessageMarshalled
dropsondeMarshaller.marshalErrors
dropsondeMarshaller.valueMetricMarshalled
dropsondeUnmarshaller.errorReceived
dropsondeUnmarshaller.heartbeatReceived
dropsondeUnmarshaller.unmarshalErrors
legacyAgentListener.currentBufferCount
legacyAgentListener.receivedByteCount
legacyAgentListener.receivedMessageCount
numCpus
syslog_drain_binder.memoryStats.lastGCPauseTimeNS
syslog_drain_binder.memoryStats.numBytesAllocated
syslog_drain_binder.memoryStats.numBytesAllocatedHeap
syslog_drain_binder.memoryStats.numBytesAllocatedStack
syslog_drain_binder.memoryStats.numFrees
syslog_drain_binder.memoryStats.numMallocs
syslog_drain_binder.numCPUS
syslog_drain_binder.numGoRoutines
syslog_drain_binder.pollCount
syslog_drain_binder.totalDrains
LoggregatorTrafficController.memoryStats.lastGCPauseTimeNS
LoggregatorTrafficController.memoryStats.numBytesAllocated
LoggregatorTrafficController.memoryStats.numBytesAllocatedHeap
LoggregatorTrafficController.memoryStats.numBytesAllocatedStack
LoggregatorTrafficController.memoryStats.numFrees
LoggregatorTrafficController.memoryStats.numMallocs
LoggregatorTrafficController.numCPUS
LoggregatorTrafficController.numGoRoutines
